SF:lib/src/network_file_viewer.dart
DA:64,1
DA:75,4
DA:79,1
DA:81,2
DA:82,1
DA:83,1
DA:84,1
DA:85,2
DA:86,1
DA:87,1
DA:94,2
DA:95,1
DA:96,1
DA:97,1
DA:98,2
DA:101,1
DA:108,1
DA:114,2
DA:115,1
DA:116,1
DA:117,1
DA:119,1
DA:120,1
DA:130,1
DA:138,1
DA:140,1
DA:141,3
DA:142,1
DA:143,1
DA:144,1
DA:145,1
DA:147,2
LF:32
LH:32
end_of_record
SF:lib/src/constants/strings.dart
DA:3,0
LF:1
LH:0
end_of_record
SF:lib/src/widgets/default_error_widget.dart
DA:36,1
DA:40,1
DA:42,1
DA:43,1
DA:44,1
DA:46,1
DA:49,1
DA:50,1
DA:52,3
DA:64,1
DA:67,1
DA:69,4
LF:12
LH:12
end_of_record
SF:lib/src/widgets/default_header_widget.dart
DA:43,1
DA:48,2
DA:50,2
DA:52,2
DA:53,2
DA:55,2
DA:56,2
DA:57,2
DA:58,8
DA:65,2
DA:66,1
DA:67,1
LF:12
LH:12
end_of_record
